==3581== Memcheck, a memory error detector
==3581== Copyright (C) 2002-2015, and GNU GPL'd, by Julian Seward et al.
==3581== Using Valgrind-3.11.0 and LibVEX; rerun with -h for copyright info
==3581== Command: ./test
==3581== Parent PID: 3566
==3581== 
==3581== 
==3581== HEAP SUMMARY:
==3581==     in use at exit: 51,200 bytes in 30 blocks
==3581==   total heap usage: 32 allocs, 2 frees, 53,248 bytes allocated
==3581== 
==3581== 10,240 bytes in 10 blocks are definitely lost in loss record 1 of 2
==3581==    at 0x4C2DB8F: malloc (in /usr/lib/valgrind/vgpreload_memcheck-amd64-linux.so)
==3581==    by 0x4006C4: main (main.c:29)
==3581== 
==3581== 40,960 bytes in 20 blocks are definitely lost in loss record 2 of 2
==3581==    at 0x4C2DB8F: malloc (in /usr/lib/valgrind/vgpreload_memcheck-amd64-linux.so)
==3581==    by 0x400667: alloc (main.c:16)
==3581==    by 0x4006DC: main (main.c:34)
==3581== 
==3581== LEAK SUMMARY:
==3581==    definitely lost: 51,200 bytes in 30 blocks
==3581==    indirectly lost: 0 bytes in 0 blocks
==3581==      possibly lost: 0 bytes in 0 blocks
==3581==    still reachable: 0 bytes in 0 blocks
==3581==         suppressed: 0 bytes in 0 blocks
==3581== 
==3581== For counts of detected and suppressed errors, rerun with: -v
==3581== ERROR SUMMARY: 2 errors from 2 contexts (suppressed: 0 from 0)
